  texture.cpp
  shader.cpp
  Renderer.cpp
d:\college\third year\first term\graphics\project\primitive_drawing_project\primitive_drawing\renderer.h(128): warning C4305: 'initializing': truncation from 'double' to 'float'
d:\college\third year\first term\graphics\project\primitive_drawing_project\primitive_drawing\renderer.h(131): warning C4305: 'initializing': truncation from 'double' to 'float'
d:\college\third year\first term\graphics\project\primitive_drawing_project\primitive_drawing\renderer.cpp(16): warning C4838: conversion from 'double' to 'float' requires a narrowing conversion
d:\college\third year\first term\graphics\project\primitive_drawing_project\primitive_drawing\renderer.cpp(16): warning C4305: 'initializing': truncation from 'double' to 'float'
d:\college\third year\first term\graphics\project\primitive_drawing_project\primitive_drawing\renderer.cpp(301): warning C4305: 'argument': truncation from 'double' to 'float'
d:\college\third year\first term\graphics\project\primitive_drawing_project\primitive_drawing\renderer.cpp(310): warning C4305: 'argument': truncation from 'double' to 'float'
d:\college\third year\first term\graphics\project\primitive_drawing_project\primitive_drawing\renderer.cpp(314): warning C4305: 'argument': truncation from 'double' to 'float'
d:\college\third year\first term\graphics\project\primitive_drawing_project\primitive_drawing\renderer.cpp(318): warning C4305: 'argument': truncation from 'double' to 'float'
d:\college\third year\first term\graphics\project\primitive_drawing_project\primitive_drawing\renderer.cpp(322): warning C4305: 'argument': truncation from 'double' to 'float'
d:\college\third year\first term\graphics\project\primitive_drawing_project\primitive_drawing\renderer.cpp(338): warning C4244: 'initializing': conversion from 'double' to 'float', possible loss of data
d:\college\third year\first term\graphics\project\primitive_drawing_project\primitive_drawing\renderer.cpp(339): warning C4244: 'initializing': conversion from 'double' to 'float', possible loss of data
d:\college\third year\first term\graphics\project\primitive_drawing_project\primitive_drawing\renderer.cpp(353): warning C4244: 'argument': conversion from 'double' to 'float', possible loss of data
d:\college\third year\first term\graphics\project\primitive_drawing_project\primitive_drawing\renderer.cpp(370): warning C4244: 'initializing': conversion from 'double' to 'float', possible loss of data
d:\college\third year\first term\graphics\project\primitive_drawing_project\primitive_drawing\renderer.cpp(375): warning C4244: 'initializing': conversion from 'double' to 'float', possible loss of data
d:\college\third year\first term\graphics\project\primitive_drawing_project\primitive_drawing\renderer.cpp(387): warning C4244: 'argument': conversion from 'double' to 'float', possible loss of data
d:\college\third year\first term\graphics\project\primitive_drawing_project\primitive_drawing\renderer.cpp(404): warning C4244: 'initializing': conversion from 'double' to 'float', possible loss of data
d:\college\third year\first term\graphics\project\primitive_drawing_project\primitive_drawing\renderer.cpp(405): warning C4244: 'initializing': conversion from 'double' to 'float', possible loss of data
d:\college\third year\first term\graphics\project\primitive_drawing_project\primitive_drawing\renderer.cpp(408): warning C4305: '=': truncation from 'double' to 'float'
d:\college\third year\first term\graphics\project\primitive_drawing_project\primitive_drawing\renderer.cpp(419): warning C4244: 'argument': conversion from 'double' to 'float', possible loss of data
d:\college\third year\first term\graphics\project\primitive_drawing_project\primitive_drawing\renderer.cpp(436): warning C4244: 'initializing': conversion from 'double' to 'float', possible loss of data
d:\college\third year\first term\graphics\project\primitive_drawing_project\primitive_drawing\renderer.cpp(437): warning C4244: 'initializing': conversion from 'double' to 'float', possible loss of data
d:\college\third year\first term\graphics\project\primitive_drawing_project\primitive_drawing\renderer.cpp(440): warning C4305: '=': truncation from 'double' to 'float'
d:\college\third year\first term\graphics\project\primitive_drawing_project\primitive_drawing\renderer.cpp(451): warning C4244: 'argument': conversion from 'double' to 'float', possible loss of data
d:\college\third year\first term\graphics\project\primitive_drawing_project\primitive_drawing\renderer.cpp(456): warning C4244: 'argument': conversion from 'double' to 'float', possible loss of data
d:\college\third year\first term\graphics\project\primitive_drawing_project\primitive_drawing\renderer.cpp(462): warning C4305: '+=': truncation from 'double' to 'float'
d:\college\third year\first term\graphics\project\primitive_drawing_project\primitive_drawing\renderer.cpp(463): warning C4244: 'argument': conversion from 'double' to 'float', possible loss of data
d:\college\third year\first term\graphics\project\primitive_drawing_project\primitive_drawing\renderer.cpp(470): warning C4305: '-=': truncation from 'double' to 'float'
d:\college\third year\first term\graphics\project\primitive_drawing_project\primitive_drawing\renderer.cpp(471): warning C4244: 'argument': conversion from 'double' to 'float', possible loss of data
d:\college\third year\first term\graphics\project\primitive_drawing_project\primitive_drawing\renderer.cpp(585): warning C4305: '+=': truncation from 'double' to 'float'
d:\college\third year\first term\graphics\project\primitive_drawing_project\primitive_drawing\renderer.cpp(592): warning C4305: '-=': truncation from 'double' to 'float'
d:\college\third year\first term\graphics\project\primitive_drawing_project\primitive_drawing\renderer.cpp(605): warning C4305: '+=': truncation from 'double' to 'float'
d:\college\third year\first term\graphics\project\primitive_drawing_project\primitive_drawing\renderer.cpp(612): warning C4305: '-=': truncation from 'double' to 'float'
d:\college\third year\first term\graphics\project\primitive_drawing_project\primitive_drawing\renderer.cpp(623): warning C4305: '-=': truncation from 'double' to 'float'
d:\college\third year\first term\graphics\project\primitive_drawing_project\primitive_drawing\renderer.cpp(640): warning C4305: '+=': truncation from 'double' to 'float'
d:\college\third year\first term\graphics\project\primitive_drawing_project\primitive_drawing\renderer.cpp(647): warning C4305: '-=': truncation from 'double' to 'float'
  main.cpp
d:\college\third year\first term\graphics\project\primitive_drawing_project\primitive_drawing\renderer.h(128): warning C4305: 'initializing': truncation from 'double' to 'float'
d:\college\third year\first term\graphics\project\primitive_drawing_project\primitive_drawing\renderer.h(131): warning C4305: 'initializing': truncation from 'double' to 'float'
  FPCamera.cpp
  Generating Code...
  stb_image.c
d:\college\third year\first term\graphics\project\primitive_drawing_project\primitive_drawing\stb_image.c(300): warning C4996: 'fopen': This function or variable may be unsafe. Consider using fopen_s instead. To disable deprecation, use _CRT_SECURE_NO_WARNINGS. See online help for details.
  c:\program files (x86)\windows kits\10\include\10.0.14393.0\ucrt\stdio.h(207): note: see declaration of 'fopen'
d:\college\third year\first term\graphics\project\primitive_drawing_project\primitive_drawing\stb_image.c(362): warning C4996: 'fopen': This function or variable may be unsafe. Consider using fopen_s instead. To disable deprecation, use _CRT_SECURE_NO_WARNINGS. See online help for details.
  c:\program files (x86)\windows kits\10\include\10.0.14393.0\ucrt\stdio.h(207): note: see declaration of 'fopen'
d:\college\third year\first term\graphics\project\primitive_drawing_project\primitive_drawing\stb_image.c(400): warning C4996: 'fopen': This function or variable may be unsafe. Consider using fopen_s instead. To disable deprecation, use _CRT_SECURE_NO_WARNINGS. See online help for details.
  c:\program files (x86)\windows kits\10\include\10.0.14393.0\ucrt\stdio.h(207): note: see declaration of 'fopen'
d:\college\third year\first term\graphics\project\primitive_drawing_project\primitive_drawing\stb_image.c(4293): warning C4996: 'fopen': This function or variable may be unsafe. Consider using fopen_s instead. To disable deprecation, use _CRT_SECURE_NO_WARNINGS. See online help for details.
  c:\program files (x86)\windows kits\10\include\10.0.14393.0\ucrt\stdio.h(207): note: see declaration of 'fopen'
LINK : warning LNK4098: defaultlib 'MSVCRT' conflicts with use of other libs; use /NODEFAULTLIB:library
  Primitive_Drawing.vcxproj -> D:\College\Third Year\First Term\Graphics\Project\Primitive_Drawing_Project\Debug\Primitive_Drawing.exe
  Primitive_Drawing.vcxproj -> D:\College\Third Year\First Term\Graphics\Project\Primitive_Drawing_Project\Debug\Primitive_Drawing.pdb (Partial PDB)
